This is XeTeX, Version 3.14159265-2.6-0.99999 (TeX Live 2018/W32TeX) (preloaded format=xelatex 2019.4.24)  11 JAN 2020 16:33
entering extended mode
 restricted \write18 enabled.
 %&-line parsing enabled.
**RapportBevertelemetrie.tex
(./RapportBevertelemetrie.tex
LaTeX2e <2018-12-01>

(c:/Users/frank_huysentruyt/AppData/Roaming/TinyTeX/texmf-dist/tex/latex/extsiz
es/extreport.cls
Document Class: extreport 1996/10/08 v1.0 Non Standard LaTeX document class

(c:/Users/frank_huysentruyt/AppData/Roaming/TinyTeX/texmf-dist/tex/latex/base/s
ize10.clo
File: size10.clo 2018/09/03 v1.4i Standard LaTeX file (size option)
)
(c:/Users/frank_huysentruyt/AppData/Roaming/TinyTeX/texmf-dist/tex/latex/base/e
xscale.sty
Package: exscale 2018/09/24 v2.1i Standard LaTeX package exscale
LaTeX Font Info:    Redeclaring symbol font `largesymbols' on input line 57.
LaTeX Font Info:    Overwriting symbol font `largesymbols' in version `normal'
(Font)                  OMX/cmex/m/n --> OMX/cmex/m/n on input line 57.
LaTeX Font Info:    Overwriting symbol font `largesymbols' in version `bold'
(Font)                  OMX/cmex/m/n --> OMX/cmex/m/n on input line 57.
\big@size=\dimen102
)
\c@part=\count80
\c@chapter=\count81
\c@section=\count82
\c@subsection=\count83
\c@subsubsection=\count84
\c@paragraph=\count85
\c@subparagraph=\count86
\c@figure=\count87
\c@table=\count88
\abovecaptionskip=\skip41
\belowcaptionskip=\skip42
\bibindent=\dimen103
) (c:/R/Library/INBOmd/local_tex/tex/latex/inborapport_2015/inborapport_2015.st
y
Package: inborapport_2015 
(c:/R/Library/INBOmd/local_tex/tex/latex/inboimage_2015/inboimage_2015.sty
Package: inboimage_2015 
)
(c:/Users/frank_huysentruyt/AppData/Roaming/TinyTeX/texmf-dist/tex/latex/graphi
cs/graphicx.sty
Package: graphicx 2017/06/01 v1.1a Enhanced LaTeX Graphics (DPC,SPQR)

(c:/Users/frank_huysentruyt/AppData/Roaming/TinyTeX/texmf-dist/tex/latex/graphi
cs/keyval.sty
Package: keyval 2014/10/28 v1.15 key=value parser (DPC)
\KV@toks@=\toks14
)
(c:/Users/frank_huysentruyt/AppData/Roaming/TinyTeX/texmf-dist/tex/latex/graphi
cs/graphics.sty
Package: graphics 2017/06/25 v1.2c Standard LaTeX Graphics (DPC,SPQR)

(c:/Users/frank_huysentruyt/AppData/Roaming/TinyTeX/texmf-dist/tex/latex/graphi
cs/trig.sty
Package: trig 2016/01/03 v1.10 sin cos tan (DPC)
)
(c:/Users/frank_huysentruyt/AppData/Roaming/TinyTeX/texmf-dist/tex/latex/graphi
cs-cfg/graphics.cfg
File: graphics.cfg 2016/06/04 v1.11 sample graphics configuration
)
Package graphics Info: Driver file: xetex.def on input line 99.

(c:/Users/frank_huysentruyt/AppData/Roaming/TinyTeX/texmf-dist/tex/latex/graphi
cs-def/xetex.def
File: xetex.def 2017/06/24 v5.0h Graphics/color driver for xetex
))
\Gin@req@height=\dimen104
\Gin@req@width=\dimen105
)
(c:/Users/frank_huysentruyt/AppData/Roaming/TinyTeX/texmf-dist/tex/latex/oberdi
ek/kvoptions.sty
Package: kvoptions 2016/05/16 v3.12 Key value format for package options (HO)

(c:/Users/frank_huysentruyt/AppData/Roaming/TinyTeX/texmf-dist/tex/generic/ober
diek/ltxcmds.sty
Package: ltxcmds 2016/05/16 v1.23 LaTeX kernel commands for general use (HO)
)
(c:/Users/frank_huysentruyt/AppData/Roaming/TinyTeX/texmf-dist/tex/generic/ober
diek/kvsetkeys.sty
Package: kvsetkeys 2016/05/16 v1.17 Key value parser (HO)

(c:/Users/frank_huysentruyt/AppData/Roaming/TinyTeX/texmf-dist/tex/generic/ober
diek/infwarerr.sty
Package: infwarerr 2016/05/16 v1.4 Providing info/warning/error messages (HO)
)
(c:/Users/frank_huysentruyt/AppData/Roaming/TinyTeX/texmf-dist/tex/generic/ober
diek/etexcmds.sty
Package: etexcmds 2016/05/16 v1.6 Avoid name clashes with e-TeX commands (HO)

(c:/Users/frank_huysentruyt/AppData/Roaming/TinyTeX/texmf-dist/tex/generic/ober
diek/ifluatex.sty
Package: ifluatex 2016/05/16 v1.4 Provides the ifluatex switch (HO)
Package ifluatex Info: LuaTeX not detected.
)
Package etexcmds Info: Could not find \expanded.
(etexcmds)             That can mean that you are not using pdfTeX 1.50 or
(etexcmds)             that some package has redefined \expanded.
(etexcmds)             In the latter case, load this package earlier.
)))
(c:/Users/frank_huysentruyt/AppData/Roaming/TinyTeX/texmf-dist/tex/latex/dateti
me/datetime.sty
Package: datetime 2015/03/20 v2.60 Date Time Package

(c:/Users/frank_huysentruyt/AppData/Roaming/TinyTeX/texmf-dist/tex/latex/etoolb
ox/etoolbox.sty
Package: etoolbox 2018/08/19 v2.5f e-TeX tools for LaTeX (JAW)
\etb@tempcnta=\count89
)
(c:/Users/frank_huysentruyt/AppData/Roaming/TinyTeX/texmf-dist/tex/latex/fmtcou
nt/fmtcount.sty
Invalid UTF-8 byte or sequence at line 10 replaced by U+FFFD.
Invalid UTF-8 byte or sequence at line 22 replaced by U+FFFD.
Package: fmtcount 2017/12/24 v3.05

(c:/Users/frank_huysentruyt/AppData/Roaming/TinyTeX/texmf-dist/tex/latex/base/i
fthen.sty
Package: ifthen 2014/09/29 v1.1c Standard LaTeX ifthen package (DPC)
)
(c:/Users/frank_huysentruyt/AppData/Roaming/TinyTeX/texmf-dist/tex/latex/xkeyva
l/xkeyval.sty
Package: xkeyval 2014/12/03 v2.7a package option processing (HA)

(c:/Users/frank_huysentruyt/AppData/Roaming/TinyTeX/texmf-dist/tex/generic/xkey
val/xkeyval.tex
(c:/Users/frank_huysentruyt/AppData/Roaming/TinyTeX/texmf-dist/tex/generic/xkey
val/xkvutils.tex
\XKV@toks=\toks15
\XKV@tempa@toks=\toks16
)
\XKV@depth=\count90
File: xkeyval.tex 2014/12/03 v2.7a key=value parser (HA)
))
(c:/Users/frank_huysentruyt/AppData/Roaming/TinyTeX/texmf-dist/tex/latex/fmtcou
nt/fcprefix.sty
Invalid UTF-8 byte or sequence at line 10 replaced by U+FFFD.
Invalid UTF-8 byte or sequence at line 22 replaced by U+FFFD.
Package: fcprefix 2012/09/28

(c:/Users/frank_huysentruyt/AppData/Roaming/TinyTeX/texmf-dist/tex/latex/fmtcou
nt/fcnumparser.sty
Invalid UTF-8 byte or sequence at line 10 replaced by U+FFFD.
Invalid UTF-8 byte or sequence at line 22 replaced by U+FFFD.
Package: fcnumparser 2017/06/15
\fc@digit@counter=\count91
))
(c:/Users/frank_huysentruyt/AppData/Roaming/TinyTeX/texmf-dist/tex/latex/amsmat
h/amsgen.sty
File: amsgen.sty 1999/11/30 v2.0 generic functions
\@emptytoks=\toks17
\ex@=\dimen106
)
\c@padzeroesN=\count92
\fc@tmpcatcode=\count93
\@DT@modctr=\count94
\@ordinalctr=\count95
\@orgargctr=\count96
\@strctr=\count97
\@tmpstrctr=\count98
\@DT@loopN=\count99
\@DT@X=\count100
)
(c:/Users/frank_huysentruyt/AppData/Roaming/TinyTeX/texmf-dist/tex/latex/dateti
me/datetime-defaults.sty
Package: datetime-defaults 2013/09/10
)
\@day=\count101
\@month=\count102
\@year=\count103
\c@HOUR=\count104
\c@HOURXII=\count105
\c@MINUTE=\count106
\c@TOHOUR=\count107
\c@TOMINUTE=\count108
\c@SECOND=\count109
\currenthour=\count110
\currentminute=\count111
\currentsecond=\count112
Package datetime Info: No datetime.cfg file found, using default settings on in
put line 308.
\@dtctr=\count113
\dayofyear=\count114
\dayofweek=\count115
LaTeX Info: Redefining \today on input line 736.
\dt@a=\toks18
\dt@b=\toks19
)
(c:/Users/frank_huysentruyt/AppData/Roaming/TinyTeX/texmf-dist/tex/latex/geomet
ry/geometry.sty
Package: geometry 2018/04/16 v5.8 Page Geometry

(c:/Users/frank_huysentruyt/AppData/Roaming/TinyTeX/texmf-dist/tex/generic/ober
diek/ifpdf.sty
Package: ifpdf 2018/09/07 v3.3 Provides the ifpdf switch
)
(c:/Users/frank_huysentruyt/AppData/Roaming/TinyTeX/texmf-dist/tex/generic/ober
diek/ifvtex.sty
Package: ifvtex 2016/05/16 v1.6 Detect VTeX and its facilities (HO)
Package ifvtex Info: VTeX not detected.
)
(c:/Users/frank_huysentruyt/AppData/Roaming/TinyTeX/texmf-dist/tex/generic/ifxe
tex/ifxetex.sty
Package: ifxetex 2010/09/12 v0.6 Provides ifxetex conditional
)
\Gm@cnth=\count116
\Gm@cntv=\count117
\c@Gm@tempcnt=\count118
\Gm@bindingoffset=\dimen107
\Gm@wd@mp=\dimen108
\Gm@odd@mp=\dimen109
\Gm@even@mp=\dimen110
\Gm@layoutwidth=\dimen111
\Gm@layoutheight=\dimen112
\Gm@layouthoffset=\dimen113
\Gm@layoutvoffset=\dimen114
\Gm@dimlist=\toks20
) (c:/R/Library/INBOmd/local_tex/tex/latex/inbogeneric_2015/inbocolours_2015.st
y
Package: inbocolours_2015 

(c:/Users/frank_huysentruyt/AppData/Roaming/TinyTeX/texmf-dist/tex/latex/xcolor
/xcolor.sty
Package: xcolor 2016/05/11 v2.12 LaTeX color extensions (UK)

(c:/Users/frank_huysentruyt/AppData/Roaming/TinyTeX/texmf-dist/tex/latex/graphi
cs-cfg/color.cfg
File: color.cfg 2016/01/02 v1.6 sample color configuration
)
Package xcolor Info: Driver file: xetex.def on input line 225.
Package xcolor Info: Model `cmy' substituted by `cmy0' on input line 1348.
Package xcolor Info: Model `RGB' extended on input line 1364.
Package xcolor Info: Model `HTML' substituted by `rgb' on input line 1366.
Package xcolor Info: Model `Hsb' substituted by `hsb' on input line 1367.
Package xcolor Info: Model `tHsb' substituted by `hsb' on input line 1368.
Package xcolor Info: Model `HSB' substituted by `hsb' on input line 1369.
Package xcolor Info: Model `Gray' substituted by `gray' on input line 1370.
Package xcolor Info: Model `wave' substituted by `hsb' on input line 1371.
))
(c:/Users/frank_huysentruyt/AppData/Roaming/TinyTeX/texmf-dist/tex/latex/url/ur
l.sty
\Urlmuskip=\muskip10
Package: url 2013/09/16  ver 3.4  Verb mode for urls, etc.
)
(c:/Users/frank_huysentruyt/AppData/Roaming/TinyTeX/texmf-dist/tex/latex/hyperr
ef/hyperref.sty
Package: hyperref 2018/11/30 v6.88e Hypertext links for LaTeX

(c:/Users/frank_huysentruyt/AppData/Roaming/TinyTeX/texmf-dist/tex/generic/ober
diek/hobsub-hyperref.sty
Package: hobsub-hyperref 2016/05/16 v1.14 Bundle oberdiek, subset hyperref (HO)


(c:/Users/frank_huysentruyt/AppData/Roaming/TinyTeX/texmf-dist/tex/generic/ober
diek/hobsub-generic.sty
Package: hobsub-generic 2016/05/16 v1.14 Bundle oberdiek, subset generic (HO)
Package: hobsub 2016/05/16 v1.14 Construct package bundles (HO)
Package hobsub Info: Skipping package `infwarerr' (already loaded).
Package hobsub Info: Skipping package `ltxcmds' (already loaded).
Package hobsub Info: Skipping package `ifluatex' (already loaded).
Package hobsub Info: Skipping package `ifvtex' (already loaded).
Package: intcalc 2016/05/16 v1.2 Expandable calculations with integers (HO)
Package hobsub Info: Skipping package `ifpdf' (already loaded).
Package hobsub Info: Skipping package `etexcmds' (already loaded).
Package hobsub Info: Skipping package `kvsetkeys' (already loaded).
Package: kvdefinekeys 2016/05/16 v1.4 Define keys (HO)
Package: pdftexcmds 2018/09/10 v0.29 Utility functions of pdfTeX for LuaTeX (HO
)
Package pdftexcmds Info: LuaTeX not detected.
Package pdftexcmds Info: pdfTeX >= 1.30 not detected.
Package pdftexcmds Info: \pdf@primitive is available.
Package pdftexcmds Info: \pdf@ifprimitive is available.
Package pdftexcmds Info: \pdfdraftmode not found.
Package: pdfescape 2016/05/16 v1.14 Implements pdfTeX's escape features (HO)
Package: bigintcalc 2016/05/16 v1.4 Expandable calculations on big integers (HO
)
Package: bitset 2016/05/16 v1.2 Handle bit-vector datatype (HO)
Package: uniquecounter 2016/05/16 v1.3 Provide unlimited unique counter (HO)
)
Package hobsub Info: Skipping package `hobsub' (already loaded).
Package: letltxmacro 2016/05/16 v1.5 Let assignment for LaTeX macros (HO)
Package: hopatch 2016/05/16 v1.3 Wrapper for package hooks (HO)
Package: xcolor-patch 2016/05/16 xcolor patch
Package: atveryend 2016/05/16 v1.9 Hooks at the very end of document (HO)
Package: atbegshi 2016/06/09 v1.18 At begin shipout hook (HO)
Package: refcount 2016/05/16 v3.5 Data extraction from label references (HO)
Package: hycolor 2016/05/16 v1.8 Color options for hyperref/bookmark (HO)
)
(c:/Users/frank_huysentruyt/AppData/Roaming/TinyTeX/texmf-dist/tex/latex/oberdi
ek/auxhook.sty
Package: auxhook 2016/05/16 v1.4 Hooks for auxiliary files (HO)
)
\@linkdim=\dimen115
\Hy@linkcounter=\count119
\Hy@pagecounter=\count120

(c:/Users/frank_huysentruyt/AppData/Roaming/TinyTeX/texmf-dist/tex/latex/hyperr
ef/pd1enc.def
File: pd1enc.def 2018/11/30 v6.88e Hyperref: PDFDocEncoding definition (HO)
)
\Hy@SavedSpaceFactor=\count121

(c:/Users/frank_huysentruyt/AppData/Roaming/TinyTeX/texmf-dist/tex/latex/latexc
onfig/hyperref.cfg
File: hyperref.cfg 2002/06/06 v1.2 hyperref configuration of TeXLive
)
Package hyperref Info: Option `unicode' set `true' on input line 4393.

(c:/Users/frank_huysentruyt/AppData/Roaming/TinyTeX/texmf-dist/tex/latex/hyperr
ef/puenc.def
File: puenc.def 2018/11/30 v6.88e Hyperref: PDF Unicode definition (HO)
)
Package hyperref Info: Option `colorlinks' set `true' on input line 4393.
Package hyperref Info: Hyper figures OFF on input line 4519.
Package hyperref Info: Link nesting OFF on input line 4524.
Package hyperref Info: Hyper index ON on input line 4527.
Package hyperref Info: Plain pages OFF on input line 4534.
Package hyperref Info: Backreferencing OFF on input line 4539.
Package hyperref Info: Implicit mode ON; LaTeX internals redefined.
Package hyperref Info: Bookmarks ON on input line 4772.
\c@Hy@tempcnt=\count122
LaTeX Info: Redefining \url on input line 5125.
\XeTeXLinkMargin=\dimen116
\Fld@menulength=\count123
\Field@Width=\dimen117
\Fld@charsize=\dimen118
Package hyperref Info: Hyper figures OFF on input line 6380.
Package hyperref Info: Link nesting OFF on input line 6385.
Package hyperref Info: Hyper index ON on input line 6388.
Package hyperref Info: backreferencing OFF on input line 6395.
Package hyperref Info: Link coloring ON on input line 6398.
Package hyperref Info: Link coloring with OCG OFF on input line 6405.
Package hyperref Info: PDF/A mode OFF on input line 6410.
LaTeX Info: Redefining \ref on input line 6450.
LaTeX Info: Redefining \pageref on input line 6454.
\Hy@abspage=\count124
\c@Item=\count125
\c@Hfootnote=\count126
)
Package hyperref Info: Driver (autodetected): hxetex.

(c:/Users/frank_huysentruyt/AppData/Roaming/TinyTeX/texmf-dist/tex/latex/hyperr
ef/hxetex.def
File: hxetex.def 2018/11/30 v6.88e Hyperref driver for XeTeX

(c:/Users/frank_huysentruyt/AppData/Roaming/TinyTeX/texmf-dist/tex/generic/ober
diek/stringenc.sty
Package: stringenc 2016/05/16 v1.11 Convert strings between diff. encodings (HO
)
)
\pdfm@box=\box27
\c@Hy@AnnotLevel=\count127
\HyField@AnnotCount=\count128
\Fld@listcount=\count129
\c@bookmark@seq@number=\count130

(c:/Users/frank_huysentruyt/AppData/Roaming/TinyTeX/texmf-dist/tex/latex/oberdi
ek/rerunfilecheck.sty
Package: rerunfilecheck 2016/05/16 v1.8 Rerun checks for auxiliary files (HO)
Package uniquecounter Info: New unique counter `rerunfilecheck' on input line 2
82.
)
\Hy@SectionHShift=\skip43
)
(c:/Users/frank_huysentruyt/AppData/Roaming/TinyTeX/texmf-dist/tex/latex/multir
ow/multirow.sty
Package: multirow 2019/01/01 v2.4 Span multiple rows of a table
\multirow@colwidth=\skip44
\multirow@cntb=\count131
\multirow@dima=\skip45
\bigstrutjot=\dimen119
)
(c:/Users/frank_huysentruyt/AppData/Roaming/TinyTeX/texmf-dist/tex/latex/graphi
cs/lscape.sty
Package: lscape 2000/10/22 v3.01 Landscape Pages (DPC)
)
(c:/Users/frank_huysentruyt/AppData/Roaming/TinyTeX/texmf-dist/tex/latex/mdfram
ed/mdframed.sty
Package: mdframed 2013/07/01 1.9b: mdframed

(c:/Users/frank_huysentruyt/AppData/Roaming/TinyTeX/texmf-dist/tex/latex/l3pack
ages/xparse/xparse.sty
(c:/Users/frank_huysentruyt/AppData/Roaming/TinyTeX/texmf-dist/tex/latex/l3kern
el/expl3.sty
Package: expl3 2019-02-15 L3 programming layer (loader) 

(c:/Users/frank_huysentruyt/AppData/Roaming/TinyTeX/texmf-dist/tex/latex/l3kern
el/expl3-code.tex
Package: expl3 2019-02-15 L3 programming layer (code)
\c_max_int=\count132
\l_tmpa_int=\count133
\l_tmpb_int=\count134
\g_tmpa_int=\count135
\g_tmpb_int=\count136
\g__kernel_prg_map_int=\count137
\c_log_iow=\count138
\l_iow_line_count_int=\count139
\l__iow_line_target_int=\count140
\l__iow_one_indent_int=\count141
\l__iow_indent_int=\count142
\c_zero_dim=\dimen120
\c_max_dim=\dimen121
\l_tmpa_dim=\dimen122
\l_tmpb_dim=\dimen123
\g_tmpa_dim=\dimen124
\g_tmpb_dim=\dimen125
\c_zero_skip=\skip46
\c_max_skip=\skip47
\l_tmpa_skip=\skip48
\l_tmpb_skip=\skip49
\g_tmpa_skip=\skip50
\g_tmpb_skip=\skip51
\c_zero_muskip=\muskip11
\c_max_muskip=\muskip12
\l_tmpa_muskip=\muskip13
\l_tmpb_muskip=\muskip14
\g_tmpa_muskip=\muskip15
\g_tmpb_muskip=\muskip16
\l_keys_choice_int=\count143
\l__intarray_loop_int=\count144
\c__intarray_sp_dim=\dimen126
\g__intarray_font_int=\count145
\c__fp_leading_shift_int=\count146
\c__fp_middle_shift_int=\count147
\c__fp_trailing_shift_int=\count148
\c__fp_big_leading_shift_int=\count149
\c__fp_big_middle_shift_int=\count150
\c__fp_big_trailing_shift_int=\count151
\c__fp_Bigg_leading_shift_int=\count152
\c__fp_Bigg_middle_shift_int=\count153
\c__fp_Bigg_trailing_shift_int=\count154
\g__fp_array_int=\count155
\l__fp_array_loop_int=\count156
\l__sort_length_int=\count157
\l__sort_min_int=\count158
\l__sort_top_int=\count159
\l__sort_max_int=\count160
\l__sort_true_max_int=\count161
\l__sort_block_int=\count162
\l__sort_begin_int=\count163
\l__sort_end_int=\count164
\l__sort_A_int=\count165
\l__sort_B_int=\count166
\l__sort_C_int=\count167
\l__tl_analysis_normal_int=\count168
\l__tl_analysis_index_int=\count169
\l__tl_analysis_nesting_int=\count170
\l__tl_analysis_type_int=\count171
\l__regex_internal_a_int=\count172
\l__regex_internal_b_int=\count173
\l__regex_internal_c_int=\count174
\l__regex_balance_int=\count175
\l__regex_group_level_int=\count176
\l__regex_mode_int=\count177
\c__regex_cs_in_class_mode_int=\count178
\c__regex_cs_mode_int=\count179
\l__regex_catcodes_int=\count180
\l__regex_default_catcodes_int=\count181
\c__regex_catcode_L_int=\count182
\c__regex_catcode_O_int=\count183
\c__regex_catcode_A_int=\count184
\c__regex_all_catcodes_int=\count185
\l__regex_show_lines_int=\count186
\l__regex_min_state_int=\count187
\l__regex_max_state_int=\count188
\l__regex_left_state_int=\count189
\l__regex_right_state_int=\count190
\l__regex_capturing_group_int=\count191
\l__regex_min_pos_int=\count192
\l__regex_max_pos_int=\count193
\l__regex_curr_pos_int=\count194
\l__regex_start_pos_int=\count195
\l__regex_success_pos_int=\count196
\l__regex_curr_char_int=\count197
\l__regex_curr_catcode_int=\count198
\l__regex_last_char_int=\count199
\l__regex_case_changed_char_int=\count266
\l__regex_curr_state_int=\count267
\l__regex_step_int=\count268
\l__regex_min_active_int=\count269
\l__regex_max_active_int=\count270
\l__regex_replacement_csnames_int=\count271
\l__regex_match_count_int=\count272
\l__regex_min_submatch_int=\count273
\l__regex_submatch_int=\count274
\l__regex_zeroth_submatch_int=\count275
\g__regex_trace_regex_int=\count276
\c_empty_box=\box28
\l_tmpa_box=\box29
\l_tmpb_box=\box30
\g_tmpa_box=\box31
\g_tmpb_box=\box32
\l__box_top_dim=\dimen127
\l__box_bottom_dim=\dimen128
\l__box_left_dim=\dimen129
\l__box_right_dim=\dimen130
\l__box_top_new_dim=\dimen131
\l__box_bottom_new_dim=\dimen132
\l__box_left_new_dim=\dimen133
\l__box_right_new_dim=\dimen134
\l__box_internal_box=\box33
\l__coffin_internal_box=\box34
\l__coffin_internal_dim=\dimen135
\l__coffin_offset_x_dim=\dimen136
\l__coffin_offset_y_dim=\dimen137
\l__coffin_x_dim=\dimen138
\l__coffin_y_dim=\dimen139
\l__coffin_x_prime_dim=\dimen140
\l__coffin_y_prime_dim=\dimen141
\c_empty_coffin=\box35
\l__coffin_aligned_coffin=\box36
\l__coffin_aligned_internal_coffin=\box37
\l_tmpa_coffin=\box38
\l_tmpb_coffin=\box39
\g_tmpa_coffin=\box40
\g_tmpb_coffin=\box41
\c__coffin_empty_coffin=\box42
\l__coffin_display_coffin=\box43
\l__coffin_display_coord_coffin=\box44
\l__coffin_display_pole_coffin=\box45
\l__coffin_display_offset_dim=\dimen142
\l__coffin_display_x_dim=\dimen143
\l__coffin_display_y_dim=\dimen144
\g__file_internal_ior=\read1
\l__coffin_bounding_shift_dim=\dimen145
\l__coffin_left_corner_dim=\dimen146
\l__coffin_right_corner_dim=\dimen147
\l__coffin_bottom_corner_dim=\dimen148
\l__coffin_top_corner_dim=\dimen149
\l__coffin_scaled_total_height_dim=\dimen150
\l__coffin_scaled_width_dim=\dimen151
)
(c:/Users/frank_huysentruyt/AppData/Roaming/TinyTeX/texmf-dist/tex/latex/l3kern
el/l3xdvipdfmx.def
File: l3xdvipdfmx.def 2019-02-15 v L3 Experimental driver: xdvipdfmx
\g__driver_image_int=\count277
\g__driver_pdf_object_int=\count278
))
Package: xparse 2018-10-17 L3 Experimental document command parser
\l__xparse_current_arg_int=\count279
\g__xparse_grabber_int=\count280
\l__xparse_m_args_int=\count281
\l__xparse_mandatory_args_int=\count282
\l__xparse_v_nesting_int=\count283
)
(c:/Users/frank_huysentruyt/AppData/Roaming/TinyTeX/texmf-dist/tex/latex/oberdi
ek/zref-abspage.sty
Package: zref-abspage 2018/11/21 v2.27 Module abspage for zref (HO)

(c:/Users/frank_huysentruyt/AppData/Roaming/TinyTeX/texmf-dist/tex/latex/oberdi
ek/zref-base.sty
Package: zref-base 2018/11/21 v2.27 Module base for zref (HO)
Package zref Info: New property list: main on input line 759.
Package zref Info: New property: default on input line 760.
Package zref Info: New property: page on input line 761.
)
\c@abspage=\count284
Package zref Info: New property: abspage on input line 62.
)
(c:/Users/frank_huysentruyt/AppData/Roaming/TinyTeX/texmf-dist/tex/latex/needsp
ace/needspace.sty
Package: needspace 2010/09/12 v1.3d reserve vertical space
)
\mdf@templength=\skip52
\c@mdf@globalstyle@cnt=\count285
\mdf@skipabove@length=\skip53
\mdf@skipbelow@length=\skip54
\mdf@leftmargin@length=\skip55
\mdf@rightmargin@length=\skip56
\mdf@innerleftmargin@length=\skip57
\mdf@innerrightmargin@length=\skip58
\mdf@innertopmargin@length=\skip59
\mdf@innerbottommargin@length=\skip60
\mdf@splittopskip@length=\skip61
\mdf@splitbottomskip@length=\skip62
\mdf@outermargin@length=\skip63
\mdf@innermargin@length=\skip64
\mdf@linewidth@length=\skip65
\mdf@innerlinewidth@length=\skip66
\mdf@middlelinewidth@length=\skip67
\mdf@outerlinewidth@length=\skip68
\mdf@roundcorner@length=\skip69
\mdf@footenotedistance@length=\skip70
\mdf@userdefinedwidth@length=\skip71
\mdf@needspace@length=\skip72
\mdf@frametitleaboveskip@length=\skip73
\mdf@frametitlebelowskip@length=\skip74
\mdf@frametitlerulewidth@length=\skip75
\mdf@frametitleleftmargin@length=\skip76
\mdf@frametitlerightmargin@length=\skip77
\mdf@shadowsize@length=\skip78
\mdf@extratopheight@length=\skip79
\mdf@subtitleabovelinewidth@length=\skip80
\mdf@subtitlebelowlinewidth@length=\skip81
\mdf@subtitleaboveskip@length=\skip82
\mdf@subtitlebelowskip@length=\skip83
\mdf@subtitleinneraboveskip@length=\skip84
\mdf@subtitleinnerbelowskip@length=\skip85
\mdf@subsubtitleabovelinewidth@length=\skip86
\mdf@subsubtitlebelowlinewidth@length=\skip87
\mdf@subsubtitleaboveskip@length=\skip88
\mdf@subsubtitlebelowskip@length=\skip89
\mdf@subsubtitleinneraboveskip@length=\skip90
\mdf@subsubtitleinnerbelowskip@length=\skip91

(c:/Users/frank_huysentruyt/AppData/Roaming/TinyTeX/texmf-dist/tex/latex/mdfram
ed/md-frame-0.mdf
File: md-frame-0.mdf 2013/07/01\ 1.9b: md-frame-0
)
\mdf@frametitlebox=\box46
\mdf@footnotebox=\box47
\mdf@splitbox@one=\box48
\mdf@splitbox@two=\box49
\mdf@splitbox@save=\box50
\mdfsplitboxwidth=\skip92
\mdfsplitboxtotalwidth=\skip93
\mdfsplitboxheight=\skip94
\mdfsplitboxdepth=\skip95
\mdfsplitboxtotalheight=\skip96
\mdfframetitleboxwidth=\skip97
\mdfframetitleboxtotalwidth=\skip98
\mdfframetitleboxheight=\skip99
\mdfframetitleboxdepth=\skip100
\mdfframetitleboxtotalheight=\skip101
\mdffootnoteboxwidth=\skip102
\mdffootnoteboxtotalwidth=\skip103
\mdffootnoteboxheight=\skip104
\mdffootnoteboxdepth=\skip105
\mdffootnoteboxtotalheight=\skip106
\mdftotallinewidth=\skip107
\mdfboundingboxwidth=\skip108
\mdfboundingboxtotalwidth=\skip109
\mdfboundingboxheight=\skip110
\mdfboundingboxdepth=\skip111
\mdfboundingboxtotalheight=\skip112
\mdf@freevspace@length=\skip113
\mdf@horizontalwidthofbox@length=\skip114
\mdf@verticalmarginwhole@length=\skip115
\mdf@horizontalspaceofbox=\skip116
\mdfsubtitleheight=\skip117
\mdfsubsubtitleheight=\skip118
\c@mdfcountframes=\count286

****** mdframed patching \endmdf@trivlist

****** -- success******

\mdf@envdepth=\count287
\c@mdf@env@i=\count288
\c@mdf@env@ii=\count289
\c@mdf@zref@counter=\count290
Package zref Info: New property: mdf@pagevalue on input line 895.
)
(c:/Users/frank_huysentruyt/AppData/Roaming/TinyTeX/texmf-dist/tex/latex/margin
note/marginnote.sty
Package: marginnote 2018/08/09 v1.4b non floating margin notes for LaTeX
\c@mn@abspage=\count291
)
(c:/Users/frank_huysentruyt/AppData/Roaming/TinyTeX/texmf-dist/tex/latex/fontsp
ec/fontspec.sty
Package: fontspec 2019/02/12 v2.7b Font selection for XeLaTeX and LuaLaTeX

(c:/Users/frank_huysentruyt/AppData/Roaming/TinyTeX/texmf-dist/tex/latex/fontsp
ec/fontspec-xetex.sty
Package: fontspec-xetex 2019/02/12 v2.7b Font selection for XeLaTeX and LuaLaTe
X
\l__fontspec_script_int=\count292
\l__fontspec_language_int=\count293
\l__fontspec_strnum_int=\count294
\l__fontspec_tmp_int=\count295
\l__fontspec_tmpa_int=\count296
\l__fontspec_tmpb_int=\count297
\l__fontspec_tmpc_int=\count298
\l__fontspec_em_int=\count299
\l__fontspec_emdef_int=\count300
\l__fontspec_strong_int=\count301
\l__fontspec_strongdef_int=\count302
\l__fontspec_tmpa_dim=\dimen152
\l__fontspec_tmpb_dim=\dimen153
\l__fontspec_tmpc_dim=\dimen154

(c:/Users/frank_huysentruyt/AppData/Roaming/TinyTeX/texmf-dist/tex/latex/base/f
ontenc.sty
Package: fontenc 2018/08/11 v2.0j Standard LaTeX package

(c:/Users/frank_huysentruyt/AppData/Roaming/TinyTeX/texmf-dist/tex/latex/base/t
uenc.def
File: tuenc.def 2018/08/11 v2.0j Standard LaTeX file
LaTeX Font Info:    Redeclaring font encoding TU on input line 82.
))
(c:/Users/frank_huysentruyt/AppData/Roaming/TinyTeX/texmf-dist/tex/latex/fontsp
ec/fontspec.cfg)
LaTeX Info: Redefining \itshape on input line 4044.
LaTeX Info: Redefining \slshape on input line 4049.
LaTeX Info: Redefining \scshape on input line 4054.
LaTeX Info: Redefining \upshape on input line 4059.
LaTeX Info: Redefining \em on input line 4089.
LaTeX Info: Redefining \emph on input line 4114.
))

Package fontspec Info: Font family 'Calibri(0)' created for font 'Calibri'
(fontspec)             with options [Ligatures=TeX,Ligatures=TeX].
(fontspec)              
(fontspec)              This font family consists of the following NFSS
(fontspec)             series/shapes:
(fontspec)              
(fontspec)             - 'normal' (m/n) with NFSS spec.:
(fontspec)             <->"Calibri/OT:script=latn;language=DFLT;mapping=tex-tex
t;"
(fontspec)             - 'small caps'  (m/sc) with NFSS spec.:
(fontspec)             <->"Calibri/OT:script=latn;language=DFLT;+smcp;mapping=t
ex-text;"
(fontspec)             - 'bold' (bx/n) with NFSS spec.:
(fontspec)             <->"Calibri/B/OT:script=latn;language=DFLT;mapping=tex-t
ext;"
(fontspec)             - 'bold small caps'  (bx/sc) with NFSS spec.:
(fontspec)             <->"Calibri/B/OT:script=latn;language=DFLT;+smcp;mapping
=tex-text;"
(fontspec)             - 'italic' (m/it) with NFSS spec.:
(fontspec)             <->"Calibri/I/OT:script=latn;language=DFLT;mapping=tex-t
ext;"
(fontspec)             - 'italic small caps'  (m/itsc) with NFSS spec.:
(fontspec)             <->"Calibri/I/OT:script=latn;language=DFLT;+smcp;mapping
=tex-text;"
(fontspec)             - 'bold italic' (bx/it) with NFSS spec.:
(fontspec)             <->"Calibri/BI/OT:script=latn;language=DFLT;mapping=tex-
text;"
(fontspec)             - 'bold italic small caps'  (bx/itsc) with NFSS spec.:
(fontspec)             <->"Calibri/BI/OT:script=latn;language=DFLT;+smcp;mappin
g=tex-text;"

LaTeX Info: Redefining \rmfamily on input line 138.

(c:/Users/frank_huysentruyt/AppData/Roaming/TinyTeX/texmf-dist/tex/latex/incons
olata/inconsolata.fontspec)

Package fontspec Info: Font family 'inconsolata(0)' created for font
(fontspec)             'inconsolata' with options
(fontspec)             [WordSpace={1,0,0},HyphenChar=None,PunctuationSpace=Word
Space,Extension
(fontspec)             = .otf,UprightFont = Inconsolatazi4-Regular,BoldFont =
(fontspec)             Inconsolatazi4-Bold,Mapping=tex-ansi].
(fontspec)              
(fontspec)              This font family consists of the following NFSS
(fontspec)             series/shapes:
(fontspec)              
(fontspec)             - 'normal' (m/n) with NFSS spec.:
(fontspec)             <->"[Inconsolatazi4-Regular.otf]/OT:script=latn;language
=DFLT;mapping=tex-ansi;"
(fontspec)             - 'small caps'  (m/sc) with NFSS spec.: 
(fontspec)             and font adjustment code:
(fontspec)             \fontdimen 2\font =1\fontdimen 2\font \fontdimen 3\font
(fontspec)             =0\fontdimen 3\font \fontdimen 4\font =0\fontdimen
(fontspec)             4\font \fontdimen 7\font =0\fontdimen 2\font
(fontspec)             \tex_hyphenchar:D \font =-1\scan_stop: 
(fontspec)             - 'bold' (bx/n) with NFSS spec.:
(fontspec)             <->"[Inconsolatazi4-Bold.otf]/OT:script=latn;language=DF
LT;mapping=tex-ansi;"
(fontspec)             - 'bold small caps'  (bx/sc) with NFSS spec.: 
(fontspec)             and font adjustment code:
(fontspec)             \fontdimen 2\font =1\fontdimen 2\font \fontdimen 3\font
(fontspec)             =0\fontdimen 3\font \fontdimen 4\font =0\fontdimen
(fontspec)             4\font \fontdimen 7\font =0\fontdimen 2\font
(fontspec)             \tex_hyphenchar:D \font =-1\scan_stop: 

LaTeX Info: Redefining \ttfamily on input line 139.

(c:/Users/frank_huysentruyt/AppData/Roaming/TinyTeX/texmf-dist/tex/latex/tools/
calc.sty
Package: calc 2017/05/25 v4.3 Infix arithmetic (KKT,FJ)
\calc@Acount=\count303
\calc@Bcount=\count304
\calc@Adimen=\dimen155
\calc@Bdimen=\dimen156
\calc@Askip=\skip119
\calc@Bskip=\skip120
LaTeX Info: Redefining \setlength on input line 80.
LaTeX Info: Redefining \addtolength on input line 81.
\calc@Ccount=\count305
\calc@Cskip=\skip121
)
\fontsizebase=\skip122
\fontsizepart=\skip123
\fontsizeintro=\skip124
\fontsizechapter=\skip125
\fontsizesection=\skip126
\fontsizesubsection=\skip127
\fontsizesubsubsection=\skip128
\fontsizeparagraph=\skip129
\fontsizesubparagraph=\skip130
\fontsizefooter=\skip131
\fontsizetitle=\skip132
\fontsizesubtitle=\skip133
\fontsizeauthor=\skip134
\fontsizeordernr=\skip135
\fontsizetoc=\skip136
\fontsizebaseinter=\skip137
\fontsizepartinter=\skip138
\fontsizeintrointer=\skip139
\fontsizechapterinter=\skip140
\fontsizesectioninter=\skip141
\fontsizesubsectioninter=\skip142
\fontsizesubsubsectioninter=\skip143
\fontsizeparagraphinter=\skip144
\fontsizesubparagraphinter=\skip145
\fontsizefooterinter=\skip146
\fontsizetitleinter=\skip147
\fontsizesubtitleinter=\skip148
\fontsizeauthorinter=\skip149
\fontsizeordernrinter=\skip150
\fontsizetocinter=\skip151

(c:/Users/frank_huysentruyt/AppData/Roaming/TinyTeX/texmf-dist/tex/generic/babe
l/babel.sty
Package: babel 2018/11/13 3.27 The Babel package

(c:/Users/frank_huysentruyt/AppData/Roaming/TinyTeX/texmf-dist/tex/generic/babe
l/switch.def
File: switch.def 2018/11/13 3.27 Babel switching mechanism
)
(c:/Users/frank_huysentruyt/AppData/Roaming/TinyTeX/texmf-dist/tex/generic/babe
l-english/english.ldf
Language: english 2017/06/06 v3.3r English support from the babel system

(c:/Users/frank_huysentruyt/AppData/Roaming/TinyTeX/texmf-dist/tex/generic/babe
l/babel.def
File: babel.def 2018/11/13 3.27 Babel common definitions
\babel@savecnt=\count306
\U@D=\dimen157

(c:/Users/frank_huysentruyt/AppData/Roaming/TinyTeX/texmf-dist/tex/generic/babe
l/xebabel.def
(c:/Users/frank_huysentruyt/AppData/Roaming/TinyTeX/texmf-dist/tex/generic/babe
l/txtbabel.def))
\bbl@dirlevel=\count307
)
\l@british = a dialect from \language\l@english 
\l@UKenglish = a dialect from \language\l@english 
\l@canadian = a dialect from \language\l@american 
\l@australian = a dialect from \language\l@british 
\l@newzealand = a dialect from \language\l@british 
)
(c:/Users/frank_huysentruyt/AppData/Roaming/TinyTeX/texmf-dist/tex/generic/babe
l-french/french.ldf
Language: french 2019/01/30 v3.5d French support from the babel system
\l@acadian = a dialect from \language\l@french 
\FB@nonchar=\count308
Package french.ldf Info: No need for active punctuation characters
(french.ldf)             with this version of XeTeX!
(french.ldf)             reported on input line 326.
\FB@punctthick=\XeTeXcharclass1
\FB@punctthin=\XeTeXcharclass2
\FB@punctnul=\XeTeXcharclass3
\FB@guilo=\XeTeXcharclass4
\FB@guilf=\XeTeXcharclass5
\FB@guilnul=\XeTeXcharclass6
\FBguill@level=\count309
\FBold@everypar=\toks21
\FB@Mht=\dimen158
LaTeX Info: Redefining \degres on input line 770.
\mc@charclass=\count310
\mc@charfam=\count311
\mc@charslot=\count312
\std@mcc=\count313
\dec@mcc=\count314
\c@FBcaption@count=\count315
\listindentFB=\dimen159
\descindentFB=\dimen160
\labelindentFB=\dimen161
\labelwidthFB=\dimen162
\leftmarginFB=\dimen163
\parindentFFN=\dimen164
\FBfnindent=\dimen165
)
(c:/Users/frank_huysentruyt/AppData/Roaming/TinyTeX/texmf-dist/tex/generic/babe
l-dutch/dutch.ldf
Language: dutch 2005/03/30 v3.8i Dutch support from the babel system
Package babel Info: Making " an active character on input line 132.
))
(c:/Users/frank_huysentruyt/AppData/Roaming/TinyTeX/texmf-dist/tex/latex/carlis
le/scalefnt.sty) (c:/R/Library/INBOmd/local_tex/tex/latex/inbogeneric_2015/inbo
generic_2015.sty
Package: inbogeneric_2015 

(c:/Users/frank_huysentruyt/AppData/Roaming/TinyTeX/texmf-dist/tex/latex/eurosy
m/eurosym.sty
Package: eurosym 1998/08/06 v1.1 European currency symbol ``Euro''
\@eurobox=\box51
)
(c:/Users/frank_huysentruyt/AppData/Roaming/TinyTeX/texmf-dist/tex/latex/amsmat
h/amsmath.sty
Package: amsmath 2018/12/01 v2.17b AMS math features
\@mathmargin=\skip152
For additional information on amsmath, use the `?' option.

(c:/Users/frank_huysentruyt/AppData/Roaming/TinyTeX/texmf-dist/tex/latex/amsmat
h/amstext.sty
Package: amstext 2000/06/29 v2.01 AMS text
)
(c:/Users/frank_huysentruyt/AppData/Roaming/TinyTeX/texmf-dist/tex/latex/amsmat
h/amsbsy.sty
Package: amsbsy 1999/11/29 v1.2d Bold Symbols
\pmbraise@=\dimen166
)
(c:/Users/frank_huysentruyt/AppData/Roaming/TinyTeX/texmf-dist/tex/latex/amsmat
h/amsopn.sty
Package: amsopn 2016/03/08 v2.02 operator names
)
\inf@bad=\count316
LaTeX Info: Redefining \frac on input line 223.
\uproot@=\count317
\leftroot@=\count318
LaTeX Info: Redefining \overline on input line 385.
\classnum@=\count319
\DOTSCASE@=\count320
LaTeX Info: Redefining \ldots on input line 482.
LaTeX Info: Redefining \dots on input line 485.
LaTeX Info: Redefining \cdots on input line 606.
\Mathstrutbox@=\box52
\strutbox@=\box53
\big@size=\dimen167
LaTeX Font Info:    Redeclaring font encoding OML on input line 729.
LaTeX Font Info:    Redeclaring font encoding OMS on input line 730.
\macc@depth=\count321
\c@MaxMatrixCols=\count322
\dotsspace@=\muskip17
\c@parentequation=\count323
\dspbrk@lvl=\count324
\tag@help=\toks22
\row@=\count325
\column@=\count326
\maxfields@=\count327
\andhelp@=\toks23
\eqnshift@=\dimen168
\alignsep@=\dimen169
\tagshift@=\dimen170
\tagwidth@=\dimen171
\totwidth@=\dimen172
\lineht@=\dimen173
\@envbody=\toks24
\multlinegap=\skip153
\multlinetaggap=\skip154
\mathdisplay@stack=\toks25
LaTeX Info: Redefining \[ on input line 2844.
LaTeX Info: Redefining \] on input line 2845.
)
(c:/Users/frank_huysentruyt/AppData/Roaming/TinyTeX/texmf-dist/tex/latex/natbib
/natbib.sty
Package: natbib 2010/09/13 8.31b (PWD, AO)
\bibhang=\skip155
\bibsep=\skip156
LaTeX Info: Redefining \cite on input line 694.
\c@NAT@ctr=\count328
)
(c:/Users/frank_huysentruyt/AppData/Roaming/TinyTeX/texmf-dist/tex/latex/bookta
bs/booktabs.sty
Package: booktabs 2016/04/27 v1.618033 publication quality tables
\heavyrulewidth=\dimen174
\lightrulewidth=\dimen175
\cmidrulewidth=\dimen176
\belowrulesep=\dimen177
\belowbottomsep=\dimen178
\aboverulesep=\dimen179
\abovetopsep=\dimen180
\cmidrulesep=\dimen181
\cmidrulekern=\dimen182
\defaultaddspace=\dimen183
\@cmidla=\count329
\@cmidlb=\count330
\@aboverulesep=\dimen184
\@belowrulesep=\dimen185
\@thisruleclass=\count331
\@lastruleclass=\count332
\@thisrulewidth=\dimen186
)
(c:/Users/frank_huysentruyt/AppData/Roaming/TinyTeX/texmf-dist/tex/latex/upquot
e/upquote.sty
Package: upquote 2012/04/19 v1.3 upright-quote and grave-accent glyphs in verba
tim

(c:/Users/frank_huysentruyt/AppData/Roaming/TinyTeX/texmf-dist/tex/latex/base/t
extcomp.sty
Package: textcomp 2018/08/11 v2.0j Standard LaTeX package
Package textcomp Info: Sub-encoding information:
(textcomp)               5 = only ISO-Adobe without \textcurrency
(textcomp)               4 = 5 + \texteuro
(textcomp)               3 = 4 + \textohm
(textcomp)               2 = 3 + \textestimated + \textcurrency
(textcomp)               1 = TS1 - \textcircled - \t
(textcomp)               0 = TS1 (full)
(textcomp)             Font families with sub-encoding setting implement
(textcomp)             only a restricted character set as indicated.
(textcomp)             Family '?' is the default used for unknown fonts.
(textcomp)             See the documentation for details.
Package textcomp Info: Setting ? sub-encoding to TS1/1 on input line 79.

(c:/Users/frank_huysentruyt/AppData/Roaming/TinyTeX/texmf-dist/tex/latex/base/t
s1enc.def
File: ts1enc.def 2001/06/05 v3.0e (jk/car/fm) Standard LaTeX file
)
LaTeX Info: Redefining \oldstylenums on input line 334.
Package textcomp Info: Setting cmr sub-encoding to TS1/0 on input line 349.
Package textcomp Info: Setting cmss sub-encoding to TS1/0 on input line 350.
Package textcomp Info: Setting cmtt sub-encoding to TS1/0 on input line 351.
Package textcomp Info: Setting cmvtt sub-encoding to TS1/0 on input line 352.
Package textcomp Info: Setting cmbr sub-encoding to TS1/0 on input line 353.
Package textcomp Info: Setting cmtl sub-encoding to TS1/0 on input line 354.
Package textcomp Info: Setting ccr sub-encoding to TS1/0 on input line 355.
Package textcomp Info: Setting ptm sub-encoding to TS1/4 on input line 356.
Package textcomp Info: Setting pcr sub-encoding to TS1/4 on input line 357.
Package textcomp Info: Setting phv sub-encoding to TS1/4 on input line 358.
Package textcomp Info: Setting ppl sub-encoding to TS1/3 on input line 359.
Package textcomp Info: Setting pag sub-encoding to TS1/4 on input line 360.
Package textcomp Info: Setting pbk sub-encoding to TS1/4 on input line 361.
Package textcomp Info: Setting pnc sub-encoding to TS1/4 on input line 362.
Package textcomp Info: Setting pzc sub-encoding to TS1/4 on input line 363.
Package textcomp Info: Setting bch sub-encoding to TS1/4 on input line 364.
Package textcomp Info: Setting put sub-encoding to TS1/5 on input line 365.
Package textcomp Info: Setting uag sub-encoding to TS1/5 on input line 366.
Package textcomp Info: Setting ugq sub-encoding to TS1/5 on input line 367.
Package textcomp Info: Setting ul8 sub-encoding to TS1/4 on input line 368.
Package textcomp Info: Setting ul9 sub-encoding to TS1/4 on input line 369.
Package textcomp Info: Setting augie sub-encoding to TS1/5 on input line 370.
Package textcomp Info: Setting dayrom sub-encoding to TS1/3 on input line 371.
Package textcomp Info: Setting dayroms sub-encoding to TS1/3 on input line 372.

Package textcomp Info: Setting pxr sub-encoding to TS1/0 on input line 373.
Package textcomp Info: Setting pxss sub-encoding to TS1/0 on input line 374.
Package textcomp Info: Setting pxtt sub-encoding to TS1/0 on input line 375.
Package textcomp Info: Setting txr sub-encoding to TS1/0 on input line 376.
Package textcomp Info: Setting txss sub-encoding to TS1/0 on input line 377.
Package textcomp Info: Setting txtt sub-encoding to TS1/0 on input line 378.
Package textcomp Info: Setting lmr sub-encoding to TS1/0 on input line 379.
Package textcomp Info: Setting lmdh sub-encoding to TS1/0 on input line 380.
Package textcomp Info: Setting lmss sub-encoding to TS1/0 on input line 381.
Package textcomp Info: Setting lmssq sub-encoding to TS1/0 on input line 382.
Package textcomp Info: Setting lmvtt sub-encoding to TS1/0 on input line 383.
Package textcomp Info: Setting lmtt sub-encoding to TS1/0 on input line 384.
Package textcomp Info: Setting qhv sub-encoding to TS1/0 on input line 385.
Package textcomp Info: Setting qag sub-encoding to TS1/0 on input line 386.
Package textcomp Info: Setting qbk sub-encoding to TS1/0 on input line 387.
Package textcomp Info: Setting qcr sub-encoding to TS1/0 on input line 388.
Package textcomp Info: Setting qcs sub-encoding to TS1/0 on input line 389.
Package textcomp Info: Setting qpl sub-encoding to TS1/0 on input line 390.
Package textcomp Info: Setting qtm sub-encoding to TS1/0 on input line 391.
Package textcomp Info: Setting qzc sub-encoding to TS1/0 on input line 392.
Package textcomp Info: Setting qhvc sub-encoding to TS1/0 on input line 393.
Package textcomp Info: Setting futs sub-encoding to TS1/4 on input line 394.
Package textcomp Info: Setting futx sub-encoding to TS1/4 on input line 395.
Package textcomp Info: Setting futj sub-encoding to TS1/4 on input line 396.
Package textcomp Info: Setting hlh sub-encoding to TS1/3 on input line 397.
Package textcomp Info: Setting hls sub-encoding to TS1/3 on input line 398.
Package textcomp Info: Setting hlst sub-encoding to TS1/3 on input line 399.
Package textcomp Info: Setting hlct sub-encoding to TS1/5 on input line 400.
Package textcomp Info: Setting hlx sub-encoding to TS1/5 on input line 401.
Package textcomp Info: Setting hlce sub-encoding to TS1/5 on input line 402.
Package textcomp Info: Setting hlcn sub-encoding to TS1/5 on input line 403.
Package textcomp Info: Setting hlcw sub-encoding to TS1/5 on input line 404.
Package textcomp Info: Setting hlcf sub-encoding to TS1/5 on input line 405.
Package textcomp Info: Setting pplx sub-encoding to TS1/3 on input line 406.
Package textcomp Info: Setting pplj sub-encoding to TS1/3 on input line 407.
Package textcomp Info: Setting ptmx sub-encoding to TS1/4 on input line 408.
Package textcomp Info: Setting ptmj sub-encoding to TS1/4 on input line 409.
))
(c:/Users/frank_huysentruyt/AppData/Roaming/TinyTeX/texmf-dist/tex/latex/tools/
longtable.sty
Package: longtable 2014/10/28 v4.11 Multi-page Table package (DPC)+ FMi change
\LTleft=\skip157
\LTright=\skip158
\LTpre=\skip159
\LTpost=\skip160
\LTchunksize=\count333
\LTcapwidth=\dimen187
\LT@head=\box54
\LT@firsthead=\box55
\LT@foot=\box56
\LT@lastfoot=\box57
\LT@cols=\count334
\LT@rows=\count335
\c@LT@tables=\count336
\c@LT@chunks=\count337
\LT@p@ftn=\toks26
)
(c:/Users/frank_huysentruyt/AppData/Roaming/TinyTeX/texmf-dist/tex/latex/fancyv
rb/fancyvrb.sty
Package: fancyvrb 2019/01/15
Style option: `fancyvrb' v3.2a <2019/01/15> (tvz)
\FV@CodeLineNo=\count338
\FV@InFile=\read2
\FV@TabBox=\box58
\c@FancyVerbLine=\count339
\FV@StepNumber=\count340
\FV@OutFile=\write3
)
(c:/Users/frank_huysentruyt/AppData/Roaming/TinyTeX/texmf-dist/tex/latex/framed
/framed.sty
Package: framed 2011/10/22 v 0.96: framed or shaded text with page breaks
\OuterFrameSep=\skip161
\fb@frw=\dimen188
\fb@frh=\dimen189
\FrameRule=\dimen190
\FrameSep=\dimen191
))
(c:/Users/frank_huysentruyt/AppData/Roaming/TinyTeX/texmf-dist/tex/latex/footmi
sc/footmisc.sty
Package: footmisc 2011/06/06 v5.5b a miscellany of footnote facilities
\FN@temptoken=\toks27
\footnotemargin=\dimen192
\c@pp@next@reset=\count341
Package footmisc Info: Declaring symbol style bringhurst on input line 855.
Package footmisc Info: Declaring symbol style chicago on input line 863.
Package footmisc Info: Declaring symbol style wiley on input line 872.
Package footmisc Info: Declaring symbol style lamport-robust on input line 883.

Package footmisc Info: Declaring symbol style lamport* on input line 903.
Package footmisc Info: Declaring symbol style lamport*-robust on input line 924
.
)
(c:/Users/frank_huysentruyt/AppData/Roaming/TinyTeX/texmf-dist/tex/latex/toclof
t/tocloft.sty
Package: tocloft 2017/08/31 v2.3i parameterised ToC, etc., typesetting
Package tocloft Info: The document has chapter divisions on input line 51.
\cftparskip=\skip162
\cftbeforetoctitleskip=\skip163
\cftaftertoctitleskip=\skip164
\cftbeforepartskip=\skip165
\cftpartnumwidth=\skip166
\cftpartindent=\skip167
\cftbeforechapskip=\skip168
\cftchapindent=\skip169
\cftchapnumwidth=\skip170
\cftbeforesecskip=\skip171
\cftsecindent=\skip172
\cftsecnumwidth=\skip173
\cftbeforesubsecskip=\skip174
\cftsubsecindent=\skip175
\cftsubsecnumwidth=\skip176
\cftbeforesubsubsecskip=\skip177
\cftsubsubsecindent=\skip178
\cftsubsubsecnumwidth=\skip179
\cftbeforeparaskip=\skip180
\cftparaindent=\skip181
\cftparanumwidth=\skip182
\cftbeforesubparaskip=\skip183
\cftsubparaindent=\skip184
\cftsubparanumwidth=\skip185
\cftbeforeloftitleskip=\skip186
\cftafterloftitleskip=\skip187
\cftbeforefigskip=\skip188
\cftfigindent=\skip189
\cftfignumwidth=\skip190
\c@lofdepth=\count342
\c@lotdepth=\count343
\cftbeforelottitleskip=\skip191
\cftafterlottitleskip=\skip192
\cftbeforetabskip=\skip193
\cfttabindent=\skip194
\cfttabnumwidth=\skip195
)
(c:/Users/frank_huysentruyt/AppData/Roaming/TinyTeX/texmf-dist/tex/latex/titles
ec/titlesec.sty
Package: titlesec 2016/03/21 v2.10.2 Sectioning titles
\ttl@box=\box59
\beforetitleunit=\skip196
\aftertitleunit=\skip197
\ttl@plus=\dimen193
\ttl@minus=\dimen194
\ttl@toksa=\toks28
\titlewidth=\dimen195
\titlewidthlast=\dimen196
\titlewidthfirst=\dimen197
)
(c:/Users/frank_huysentruyt/AppData/Roaming/TinyTeX/texmf-dist/tex/generic/ulem
/ulem.sty
\UL@box=\box60
\UL@hyphenbox=\box61
\UL@skip=\skip198
\UL@hook=\toks29
\UL@height=\dimen198
\UL@pe=\count344
\UL@pixel=\dimen199
\ULC@box=\box62
Package: ulem 2012/05/18
\ULdepth=\dimen256
)
(c:/Users/frank_huysentruyt/AppData/Roaming/TinyTeX/texmf-dist/tex/latex/titles
ec/ttlkeys.def
File: ttlkeys.def 2016/03/15
\c@ttlp@side=\count345
\ttlp@side=\count346
)
(c:/Users/frank_huysentruyt/AppData/Roaming/TinyTeX/texmf-dist/tex/latex/lastpa
ge/lastpage.sty
Package: lastpage 2015/03/29 v1.2m Refers to last page's name (HMM; JPG)
)
(c:/Users/frank_huysentruyt/AppData/Roaming/TinyTeX/texmf-dist/tex/latex/fancyh
dr/fancyhdr.sty
Package: fancyhdr 2019/01/31 v3.10 Extensive control of page headers and footer
s
\f@nch@headwidth=\skip199
\f@nch@O@elh=\skip256
\f@nch@O@erh=\skip257
\f@nch@O@olh=\skip258
\f@nch@O@orh=\skip259
\f@nch@O@elf=\skip260
\f@nch@O@erf=\skip261
\f@nch@O@olf=\skip262
\f@nch@O@orf=\skip263
)
(c:/Users/frank_huysentruyt/AppData/Roaming/TinyTeX/texmf-dist/tex/latex/emptyp
age/emptypage.sty
Package: emptypage 2010/05/30 v1.2 Suppress page numbers and headings on empty 
pages
)
(c:/Users/frank_huysentruyt/AppData/Roaming/TinyTeX/texmf-dist/tex/latex/placei
ns/placeins.sty
Package: placeins 2005/04/18  v 2.2
)
(c:/Users/frank_huysentruyt/AppData/Roaming/TinyTeX/texmf-dist/tex/latex/parski
p/parskip.sty
Package: parskip 2019-01-16 v2.0c non-zero parskip adjustments
)) (./RapportBevertelemetrie.aux)
\openout1 = `RapportBevertelemetrie.aux'.

LaTeX Font Info:    Checking defaults for OML/cmm/m/it on input line 40.
LaTeX Font Info:    ... okay on input line 40.
LaTeX Font Info:    Checking defaults for T1/cmr/m/n on input line 40.
LaTeX Font Info:    ... okay on input line 40.
LaTeX Font Info:    Checking defaults for OT1/cmr/m/n on input line 40.
LaTeX Font Info:    ... okay on input line 40.
LaTeX Font Info:    Checking defaults for OMS/cmsy/m/n on input line 40.
LaTeX Font Info:    ... okay on input line 40.
LaTeX Font Info:    Checking defaults for TU/lmr/m/n on input line 40.
LaTeX Font Info:    ... okay on input line 40.
LaTeX Font Info:    Checking defaults for OMX/cmex/m/n on input line 40.
LaTeX Font Info:    ... okay on input line 40.
LaTeX Font Info:    Checking defaults for U/cmr/m/n on input line 40.
LaTeX Font Info:    ... okay on input line 40.
LaTeX Font Info:    Checking defaults for PD1/pdf/m/n on input line 40.
LaTeX Font Info:    ... okay on input line 40.
LaTeX Font Info:    Checking defaults for PU/pdf/m/n on input line 40.
LaTeX Font Info:    ... okay on input line 40.
LaTeX Font Info:    Checking defaults for TS1/cmr/m/n on input line 40.
LaTeX Font Info:    Try loading font information for TS1+cmr on input line 40.

(c:/Users/frank_huysentruyt/AppData/Roaming/TinyTeX/texmf-dist/tex/latex/base/t
s1cmr.fd
File: ts1cmr.fd 2014/09/29 v2.5h Standard LaTeX font definitions
)
LaTeX Font Info:    ... okay on input line 40.
*geometry* driver: auto-detecting
*geometry* detected driver: xetex
*geometry* verbose mode - [ preamble ] result:
* driver: xetex
* paper: a4paper
* layout: <same size as paper>
* layoutoffset:(h,v)=(0.0pt,0.0pt)
* modes: twoside 
* h-part:(L,W,R)=(85.35826pt, 426.79135pt, 85.35826pt)
* v-part:(T,H,B)=(56.9055pt, 717.00946pt, 71.13188pt)
* \paperwidth=597.50787pt
* \paperheight=845.04684pt
* \textwidth=426.79135pt
* \textheight=717.00946pt
* \oddsidemargin=13.08827pt
* \evensidemargin=13.08827pt
* \topmargin=-52.36449pt
* \headheight=12.0pt
* \headsep=25.0pt
* \topskip=10.0pt
* \footskip=28.45274pt
* \marginparwidth=121.0pt
* \marginparsep=11.0pt
* \columnsep=10.0pt
* \skip\footins=28.45274pt
* \hoffset=0.0pt
* \voffset=0.0pt
* \mag=1000
* \@twocolumnfalse
* \@twosidetrue
* \@mparswitchtrue
* \@reversemarginfalse
* (1in=72.27pt=25.4mm, 1cm=28.453pt)

\AtBeginShipoutBox=\box63
Package hyperref Info: Link coloring ON on input line 40.

(c:/Users/frank_huysentruyt/AppData/Roaming/TinyTeX/texmf-dist/tex/latex/hyperr
ef/nameref.sty
Package: nameref 2016/05/21 v2.44 Cross-referencing by name of section

(c:/Users/frank_huysentruyt/AppData/Roaming/TinyTeX/texmf-dist/tex/generic/ober
diek/gettitlestring.sty
Package: gettitlestring 2016/05/16 v1.5 Cleanup title references (HO)
)
\c@section@level=\count347
)
LaTeX Info: Redefining \ref on input line 40.
LaTeX Info: Redefining \pageref on input line 40.
LaTeX Info: Redefining \nameref on input line 40.
(./RapportBevertelemetrie.out) (./RapportBevertelemetrie.out)
\@outlinefile=\write4
\openout4 = `RapportBevertelemetrie.out'.

LaTeX Info: Redefining \dots on input line 40.
LaTeX Info: Redefining \up on input line 40.
Package lastpage Info: Please have a look at the pageslts package at
(lastpage)             https://www.ctan.org/pkg/pageslts
(lastpage)             ! on input line 40.
File: logo_nl_verticaal_kleur.pdf Graphic file (type pdf)
<use logo_nl_verticaal_kleur.pdf>

Package fontspec Info: Font family 'Calibri(1)' created for font 'Calibri'
(fontspec)             with options
(fontspec)             [Ligatures=TeX,Ligatures=TeX,LetterSpace=0.014].
(fontspec)              
(fontspec)              This font family consists of the following NFSS
(fontspec)             series/shapes:
(fontspec)              
(fontspec)             - 'normal' (m/n) with NFSS spec.:
(fontspec)             <->"Calibri/OT:script=latn;language=DFLT;letterspace=0.0
14;mapping=tex-text;"
(fontspec)             - 'small caps'  (m/sc) with NFSS spec.:
(fontspec)             <->"Calibri/OT:script=latn;language=DFLT;letterspace=0.0
14;+smcp;mapping=tex-text;"
(fontspec)             - 'bold' (bx/n) with NFSS spec.:
(fontspec)             <->"Calibri/B/OT:script=latn;language=DFLT;letterspace=0
.014;mapping=tex-text;"
(fontspec)             - 'bold small caps'  (bx/sc) with NFSS spec.:
(fontspec)             <->"Calibri/B/OT:script=latn;language=DFLT;letterspace=0
.014;+smcp;mapping=tex-text;"
(fontspec)             - 'italic' (m/it) with NFSS spec.:
(fontspec)             <->"Calibri/I/OT:script=latn;language=DFLT;letterspace=0
.014;mapping=tex-text;"
(fontspec)             - 'italic small caps'  (m/itsc) with NFSS spec.:
(fontspec)             <->"Calibri/I/OT:script=latn;language=DFLT;letterspace=0
.014;+smcp;mapping=tex-text;"
(fontspec)             - 'bold italic' (bx/it) with NFSS spec.:
(fontspec)             <->"Calibri/BI/OT:script=latn;language=DFLT;letterspace=
0.014;mapping=tex-text;"
(fontspec)             - 'bold italic small caps'  (bx/itsc) with NFSS spec.:
(fontspec)             <->"Calibri/BI/OT:script=latn;language=DFLT;letterspace=
0.014;+smcp;mapping=tex-text;"


Package fontspec Info: Font family 'Calibri(2)' created for font 'Calibri'
(fontspec)             with options
(fontspec)             [Ligatures=TeX,Ligatures=TeX,LetterSpace=0.014,LetterSpa
ce=0.0].
(fontspec)              
(fontspec)              This font family consists of the following NFSS
(fontspec)             series/shapes:
(fontspec)              
(fontspec)             - 'normal' (m/n) with NFSS spec.:
(fontspec)             <->"Calibri/OT:script=latn;language=DFLT;letterspace=0.0
14;letterspace=0.0;mapping=tex-text;"
(fontspec)             - 'small caps'  (m/sc) with NFSS spec.:
(fontspec)             <->"Calibri/OT:script=latn;language=DFLT;letterspace=0.0
14;letterspace=0.0;+smcp;mapping=tex-text;"
(fontspec)             - 'bold' (bx/n) with NFSS spec.:
(fontspec)             <->"Calibri/B/OT:script=latn;language=DFLT;letterspace=0
.014;letterspace=0.0;mapping=tex-text;"
(fontspec)             - 'bold small caps'  (bx/sc) with NFSS spec.:
(fontspec)             <->"Calibri/B/OT:script=latn;language=DFLT;letterspace=0
.014;letterspace=0.0;+smcp;mapping=tex-text;"
(fontspec)             - 'italic' (m/it) with NFSS spec.:
(fontspec)             <->"Calibri/I/OT:script=latn;language=DFLT;letterspace=0
.014;letterspace=0.0;mapping=tex-text;"
(fontspec)             - 'italic small caps'  (m/itsc) with NFSS spec.:
(fontspec)             <->"Calibri/I/OT:script=latn;language=DFLT;letterspace=0
.014;letterspace=0.0;+smcp;mapping=tex-text;"
(fontspec)             - 'bold italic' (bx/it) with NFSS spec.:
(fontspec)             <->"Calibri/BI/OT:script=latn;language=DFLT;letterspace=
0.014;letterspace=0.0;mapping=tex-text;"
(fontspec)             - 'bold italic small caps'  (bx/itsc) with NFSS spec.:
(fontspec)             <->"Calibri/BI/OT:script=latn;language=DFLT;letterspace=
0.014;letterspace=0.0;+smcp;mapping=tex-text;"


Overfull \hbox (1.50714pt too wide) in paragraph at lines 41--41
[] []  
 []

File: vlaanderen_nl_naakt.pdf Graphic file (type pdf)
<use vlaanderen_nl_naakt.pdf>

Package Fancyhdr Warning: \footskip is too small (30.0pt): 
Make it at least 32.05249pt.
We now make it that large for the rest of the document.
This may cause the page layout to be inconsistent, however.

[1

] [1


]

Package marginnote Warning: Consecutive odd pages found.
(marginnote)                Note, it is not recommended to use consecutive
(marginnote)                odd pages in a double-ended document.
(marginnote)                The pages of your document should always
(marginnote)                be a sequence: odd-even-odd-even-...
(marginnote)                Maybe you've forgotten a \cleardoublepage before
(marginnote)                changing the page numbering on page 1.

Package marginnote Info: Using workaround for absolute page number on input lin
e 49.
[2

] [3

] [4

] [5

] [6

] (./RapportBevertelemetrie.toc
LaTeX Font Info:    Calculating math sizes for size <11> on input line 2.

LaTeX Font Warning: Font shape `OT1/cmr/m/n' in size <5.5> not available
(Font)              size <5> substituted on input line 2.


LaTeX Font Warning: Font shape `OML/cmm/m/it' in size <5.5> not available
(Font)              size <5> substituted on input line 2.


LaTeX Font Warning: Font shape `OMS/cmsy/m/n' in size <5.5> not available
(Font)              size <5> substituted on input line 2.

)
\tf@toc=\write5
\openout5 = `RapportBevertelemetrie.toc'.

[7

] (./RapportBevertelemetrie.lof)
\tf@lof=\write6
\openout6 = `RapportBevertelemetrie.lof'.

(./RapportBevertelemetrie.lot)
\tf@lot=\write7
\openout7 = `RapportBevertelemetrie.lot'.

[8

]
Hoofdstuk 1.
[9


] [10]
Hoofdstuk 2.
File: afbeeldingen/Sporen.jpg Graphic file (type bmp)
<afbeeldingen/Sporen.jpg>
Font mapping `tex-ansi.tec' for font `[Inconsolatazi4-Regular.otf]/OT:script=la
tn;language=DFLT;mapping=tex-ansi;' not found.
[11

]
File: afbeeldingen/Bevervangst.jpg Graphic file (type bmp)
<afbeeldingen/Bevervangst.jpg>
[12]
File: afbeeldingen/Staartzenders.jpg Graphic file (type bmp)
<afbeeldingen/Staartzenders.jpg>
[13]
File: RapportBevertelemetrie_files/figure-latex/ggBezoekenMaand-1.pdf Graphic f
ile (type pdf)
<use RapportBevertelemetrie_files/figure-latex/ggBezoekenMaand-1.pdf>
[14] [15]
Hoofdstuk 3.
File: RapportBevertelemetrie_files/figure-latex/kaartapril-1.png Graphic file (
type bmp)
<RapportBevertelemetrie_files/figure-latex/kaartapril-1.png>
File: RapportBevertelemetrie_files/figure-latex/kaartaugustus-1.png Graphic fil
e (type bmp)
<RapportBevertelemetrie_files/figure-latex/kaartaugustus-1.png>
[16

] [17]
File: RapportBevertelemetrie_files/figure-latex/Figruwedata-1.png Graphic file 
(type bmp)
<RapportBevertelemetrie_files/figure-latex/Figruwedata-1.png>
Font mapping `tex-ansi.tec' for font `[Inconsolatazi4-Regular.otf]/OT:script=la
tn;language=DFLT;mapping=tex-ansi;' not found.
File: RapportBevertelemetrie_files/figure-latex/FigMCPkaart-1.png Graphic file 
(type bmp)
<RapportBevertelemetrie_files/figure-latex/FigMCPkaart-1.png>
[18] [19] [20]
Hoofdstuk 4.
[21

] [22

] (./RapportBevertelemetrie.bbl [23

]) 
AED: lastpage setting LastPage
[24]
Package atveryend Info: Empty hook `BeforeClearDocument' on input line 758.
Package atveryend Info: Empty hook `AfterLastShipout' on input line 758.
(./RapportBevertelemetrie.aux)
Package atveryend Info: Empty hook `AtVeryEndDocument' on input line 758.
Package atveryend Info: Executing hook `AtEndAfterFileList' on input line 758.
Package rerunfilecheck Info: File `RapportBevertelemetrie.out' has not changed.

(rerunfilecheck)             Checksum: 7278796E79B5001A27EE856FC7673263.

LaTeX Font Warning: Size substitutions with differences
(Font)              up to 0.5pt have occurred.

 ) 
Here is how much of TeX's memory you used:
 26866 strings out of 494854
 500827 string characters out of 6173178
 656807 words of memory out of 5000000
 30407 multiletter control sequences out of 15000+600000
 538407 words of font info for 91 fonts, out of 8000000 for 9000
 54 hyphenation exceptions out of 8191
 50i,14n,81p,1211b,543s stack positions out of 5000i,500n,10000p,200000b,80000s

Output written on RapportBevertelemetrie.pdf (25 pages).
